2025-08-13 09:01:03 - IP: ::1, User: unknown, Success: NO, Reason: Access attempt
2025-08-13 09:01:27 - IP: ::1, User: unknown, Success: NO, Reason: Access attempt
2025-08-13 09:01:27 - IP: ::1, User: SuP3rC@r3#Adm1n!2025, Success: YES, Reason: Successful login
2025-08-13 09:09:14 - IP: ::1, User: unknown, Success: NO, Reason: Access attempt
2025-08-13 09:09:24 - IP: ::1, User: unknown, Success: NO, Reason: Access attempt
2025-08-13 09:09:24 - IP: ::1, User: SuP3rC@r3#Adm1n!2025, Success: YES, Reason: Successful login
2025-08-13 09:09:36 - Super Admin Logout: SuP3rC@r3#Adm1n!2025
2025-08-13 09:09:36 - IP: ::1, User: unknown, Success: NO, Reason: Access attempt
2025-08-13 09:09:39 - IP: ::1, User: unknown, Success: NO, Reason: Access attempt
2025-08-13 09:09:39 - IP: ::1, User: SuP3rC@r3#Adm1n!2025, Success: YES, Reason: Successful login
2025-08-14 08:51:11 - IP: ::1, User: unknown, Success: NO, Reason: Access attempt
2025-08-14 08:54:18 - IP: ::1, User: unknown, Success: NO, Reason: Access attempt
2025-08-14 08:54:47 - IP: ::1, User: unknown, Success: NO, Reason: Access attempt
2025-08-14 08:54:47 - IP: ::1, User: SuP3rC@r3#Adm1n!2025, Success: YES, Reason: Successful login
2025-08-14 08:55:00 - IP: ::1, User: unknown, Success: NO, Reason: Access attempt
2025-08-14 08:55:01 - IP: ::1, User: unknown, Success: NO, Reason: Access attempt
2025-08-14 08:56:16 - IP: ::1, User: unknown, Success: NO, Reason: Access attempt
2025-08-14 08:56:17 - IP: ::1, User: unknown, Success: NO, Reason: Access attempt
2025-08-14 08:56:17 - IP: ::1, User: unknown, Success: NO, Reason: Access attempt
2025-08-14 08:56:17 - IP: ::1, User: unknown, Success: NO, Reason: Access attempt
2025-08-14 08:56:27 - IP: ::1, User: unknown, Success: NO, Reason: Access attempt
2025-08-14 08:56:27 - IP: ::1, User: SuP3rC@r3#Adm1n!2025, Success: YES, Reason: Successful login
2025-08-14 09:01:01 - IP: ::1, User: unknown, Success: NO, Reason: Access attempt
2025-08-14 09:01:01 - IP: ::1, User: superadmin, Success: NO, Reason: Invalid credentials
2025-08-14 09:01:04 - IP: ::1, User: unknown, Success: NO, Reason: Access attempt
2025-08-14 09:59:54 - IP: ::1, User: unknown, Success: NO, Reason: Access attempt
2025-08-14 09:59:54 - IP: ::1, User: SuP3rC@r3#Adm1n!2025, Success: YES, Reason: Successful login
2025-08-14 10:09:19 - Super Admin Logout: SuP3rC@r3#Adm1n!2025
2025-08-14 10:09:19 - IP: ::1, User: unknown, Success: NO, Reason: Access attempt
2025-08-14 10:14:48 - IP: ::1, User: unknown, Success: NO, Reason: Access attempt
2025-08-14 10:14:49 - IP: ::1, User: unknown, Success: NO, Reason: Access attempt
2025-08-14 10:14:51 - IP: ::1, User: unknown, Success: NO, Reason: Access attempt
2025-08-14 10:16:00 - IP: ::1, User: unknown, Success: NO, Reason: Access attempt
2025-08-14 10:16:19 - IP: ::1, User: unknown, Success: NO, Reason: Access attempt
2025-08-14 10:16:20 - IP: ::1, User: unknown, Success: NO, Reason: Access attempt
2025-08-14 10:16:20 - IP: ::1, User: unknown, Success: NO, Reason: Access attempt
2025-08-14 10:16:20 - IP: ::1, User: unknown, Success: NO, Reason: Access attempt
2025-08-14 10:16:25 - IP: ::1, User: unknown, Success: NO, Reason: Access attempt
2025-08-14 10:16:27 - IP: ::1, User: unknown, Success: NO, Reason: Access attempt
2025-08-14 10:16:28 - IP: ::1, User: unknown, Success: NO, Reason: Access attempt
2025-08-14 10:16:29 - IP: ::1, User: unknown, Success: NO, Reason: Access attempt
2025-08-14 10:16:30 - IP: ::1, User: unknown, Success: NO, Reason: Access attempt
2025-08-14 10:17:54 - IP: ::1, User: unknown, Success: NO, Reason: Access attempt
2025-08-14 10:18:23 - IP: ::1, User: unknown, Success: NO, Reason: Access attempt
2025-08-14 10:21:05 - IP: ::1, User: unknown, Success: NO, Reason: Access attempt
2025-08-14 10:21:06 - IP: ::1, User: unknown, Success: NO, Reason: Access attempt
2025-08-14 10:21:06 - IP: ::1, User: unknown, Success: NO, Reason: Access attempt
2025-08-14 10:21:07 - IP: ::1, User: unknown, Success: NO, Reason: Access attempt
2025-08-14 10:21:07 - IP: ::1, User: unknown, Success: NO, Reason: Access attempt
2025-08-14 10:21:07 - IP: ::1, User: unknown, Success: NO, Reason: Access attempt
2025-08-14 10:21:07 - IP: ::1, User: unknown, Success: NO, Reason: Access attempt
2025-08-14 10:21:07 - IP: ::1, User: unknown, Success: NO, Reason: Access attempt
2025-08-14 10:21:07 - IP: ::1, User: unknown, Success: NO, Reason: Access attempt
2025-08-14 10:21:09 - IP: ::1, User: unknown, Success: NO, Reason: Access attempt
2025-08-14 10:22:53 - IP: ::1, User: unknown, Success: NO, Reason: Access attempt
2025-08-14 10:23:18 - IP: ::1, User: unknown, Success: NO, Reason: Access attempt
2025-08-14 10:23:18 - IP: ::1, User: unknown, Success: NO, Reason: Access attempt
2025-08-14 10:23:19 - IP: ::1, User: unknown, Success: NO, Reason: Access attempt
2025-08-14 10:23:19 - IP: ::1, User: unknown, Success: NO, Reason: Access attempt
2025-08-14 10:23:19 - IP: ::1, User: unknown, Success: NO, Reason: Access attempt
2025-08-14 10:23:31 - IP: ::1, User: unknown, Success: NO, Reason: Access attempt
2025-08-14 10:23:54 - IP: ::1, User: unknown, Success: NO, Reason: Access attempt
2025-08-14 10:25:22 - IP: ::1, User: unknown, Success: NO, Reason: Access attempt
2025-08-14 10:26:25 - IP: ::1, User: unknown, Success: NO, Reason: Access attempt
2025-08-14 10:26:27 - IP: ::1, User: unknown, Success: NO, Reason: Access attempt
2025-08-14 10:34:47 - IP: 192.168.29.127, User: unknown, Success: NO, Reason: Access attempt
2025-08-14 10:38:08 - IP: 192.168.29.127, User: unknown, Success: NO, Reason: Access attempt
2025-08-14 10:40:41 - IP: ::1, User: unknown, Success: NO, Reason: Access attempt
2025-08-14 11:43:46 - Super Admin Logout: SuperAdmin
2025-08-14 11:43:46 - IP: ::1, User: unknown, Success: NO, Reason: Access attempt
2025-08-14 11:50:51 - Super Admin Logout: SuperAdmin
2025-08-14 11:50:51 - IP: ::1, User: unknown, Success: NO, Reason: Access attempt
2025-08-14 11:52:51 - IP: ::1, User: unknown, Success: NO, Reason: Access attempt
2025-08-14 11:55:50 - Super Admin Logout: SuperAdmin
2025-08-14 12:22:48 - Super Admin Logout: SuperAdmin
2025-08-14 12:26:16 - Super Admin Logout: SuperAdmin
2025-08-14 12:31:34 - Super Admin Logout: SuperAdmin
2025-08-14 13:08:05 - Super Admin Logout: unknown
2025-08-18 07:22:18 - Super Admin Logout: unknown
2025-08-18 07:53:42 - Super Admin Logout: unknown
2025-08-18 07:55:01 - Super Admin Logout: unknown
2025-08-18 07:56:58 - Super Admin Logout: unknown
2025-08-18 08:47:47 - IP: ::1, User: unknown, Success: NO, Reason: Access attempt
2025-08-18 08:49:28 - IP: ::1, User: unknown, Success: NO, Reason: Access attempt
2025-08-18 09:22:37 - Super Admin Logout: unknown
